<?xml version="1.0" encoding="UTF-8"?>
<testsuite name="com.example.proiectcolectiv.ProiectColectivApplicationTests" tests="1" skipped="0" failures="0" errors="0" timestamp="2023-04-28T11:35:35" hostname="DESKTOP-G4CVNKV" time="1.49">
  <properties/>
  <testcase name="contextLoads()" classname="com.example.proiectcolectiv.ProiectColectivApplicationTests" time="1.49"/>
  <system-out><![CDATA[14:35:33.011 [Test worker] DEBUG org.springframework.boot.test.context.SpringBootTestContextBootstrapper -- Neither @ContextConfiguration nor @ContextHierarchy found for test class [ProiectColectivApplicationTests]: using SpringBootContextLoader
14:35:33.020 [Test worker] DEBUG org.springframework.test.context.support.AbstractContextLoader -- Could not detect default resource locations for test class [com.example.proiectcolectiv.ProiectColectivApplicationTests]: no resource found for suffixes {-context.xml, Context.groovy}.
14:35:33.021 [Test worker] INFO org.springframework.test.context.support.AnnotationConfigContextLoaderUtils -- Could not detect default configuration classes for test class [com.example.proiectcolectiv.ProiectColectivApplicationTests]: ProiectColectivApplicationTests does not declare any static, non-private, non-final, nested classes annotated with @Configuration.
14:35:33.060 [Test worker] DEBUG org.springframework.boot.test.context.SpringBootTestContextBootstrapper -- Using ContextCustomizers for test class [ProiectColectivApplicationTests]: [DisableObservabilityContextCustomizer, PropertyMappingContextCustomizer, Customizer, ExcludeFilterContextCustomizer, DuplicateJsonObjectContextCustomizer, MockitoContextCustomizer, TestRestTemplateContextCustomizer]
14:35:33.177 [Test worker] DEBUG org.springframework.context.annotation.ClassPathScanningCandidateComponentProvider -- Identified candidate component class: file [D:\JavaStuffIntellij\Proiect Colectiv\ProiectColectiv\build\classes\java\main\com\example\proiectcolectiv\ProiectColectivApplication.class]
14:35:33.182 [Test worker] INFO org.springframework.boot.test.context.SpringBootTestContextBootstrapper -- Found @SpringBootConfiguration com.example.proiectcolectiv.ProiectColectivApplication for test class com.example.proiectcolectiv.ProiectColectivApplicationTests
14:35:33.345 [Test worker] DEBUG org.springframework.test.context.util.TestContextSpringFactoriesUtils -- Skipping candidate TestExecutionListener [org.springframework.test.context.web.ServletTestExecutionListener] due to a missing dependency. Specify custom TestExecutionListener classes or make the default TestExecutionListener classes and their required dependencies available. Offending class: [jakarta/servlet/ServletContext]
14:35:33.352 [Test worker] DEBUG org.springframework.test.context.util.TestContextSpringFactoriesUtils -- Skipping candidate TestExecutionListener [org.springframework.test.context.transaction.TransactionalTestExecutionListener] due to a missing dependency. Specify custom TestExecutionListener classes or make the default TestExecutionListener classes and their required dependencies available. Offending class: [org/springframework/transaction/interceptor/TransactionAttributeSource]
14:35:33.356 [Test worker] DEBUG org.springframework.test.context.util.TestContextSpringFactoriesUtils -- Skipping candidate TestExecutionListener [org.springframework.test.context.jdbc.SqlScriptsTestExecutionListener] due to a missing dependency. Specify custom TestExecutionListener classes or make the default TestExecutionListener classes and their required dependencies available. Offending class: [org/springframework/transaction/interceptor/TransactionAttribute]
14:35:33.382 [Test worker] DEBUG org.springframework.boot.test.context.SpringBootTestContextBootstrapper -- Using TestExecutionListeners for test class [ProiectColectivApplicationTests]: [DirtiesContextBeforeModesTestExecutionListener, ApplicationEventsTestExecutionListener, MockitoTestExecutionListener, DependencyInjectionTestExecutionListener, DirtiesContextTestExecutionListener, EventPublishingTestExecutionListener, RestDocsTestExecutionListener, MockRestServiceServerResetTestExecutionListener, MockMvcPrintOnlyOnFailureTestExecutionListener, WebDriverTestExecutionListener, MockWebServiceServerTestExecutionListener, ResetMocksTestExecutionListener]
14:35:33.386 [Test worker] DEBUG org.springframework.test.context.support.AbstractDirtiesContextTestExecutionListener -- Before test class: class [ProiectColectivApplicationTests], class annotated with @DirtiesContext [false] with mode [null]
14:35:33.492 [Test worker] DEBUG org.springframework.test.context.support.DependencyInjectionTestExecutionListener -- Performing dependency injection for test class com.example.proiectcolectiv.ProiectColectivApplicationTests

  .   ____          _            __ _ _
 /\\ / ___'_ __ _ _(_)_ __  __ _ \ \ \ \
( ( )\___ | '_ | '_| | '_ \/ _` | \ \ \ \
 \\/  ___)| |_)| | | | | || (_| |  ) ) ) )
  '  |____| .__|_| |_|_| |_\__, | / / / /
 =========|_|==============|___/=/_/_/_/
 :: Spring Boot ::                (v3.0.5)

2023-04-28T14:35:34.074+03:00  INFO 12664 --- [    Test worker] c.e.p.ProiectColectivApplicationTests    : Starting ProiectColectivApplicationTests using Java 19.0.1 with PID 12664 (started by user in D:\JavaStuffIntellij\Proiect Colectiv\ProiectColectiv)
2023-04-28T14:35:34.076+03:00  INFO 12664 --- [    Test worker] c.e.p.ProiectColectivApplicationTests    : No active profile set, falling back to 1 default profile: "default"
2023-04-28T14:35:34.966+03:00  INFO 12664 --- [    Test worker] c.e.p.ProiectColectivApplicationTests    : Started ProiectColectivApplicationTests in 1.374 seconds (process running for 3.503)
]]></system-out>
  <system-err><![CDATA[]]></system-err>
</testsuite>
